Using pre-set license
Built from '2020.3/staging' branch; Version is '2020.3.13f1 (71691879b7f5) revision 7432472'; Using compiler version '192528614'; Build Type 'Release'
OS: 'Windows 10 Pro; OS build 19042.1526; Version 2009; 64bit' Language: 'ko' Physical Memory: 32679 MB
BatchMode: 1, IsHumanControllingUs: 0, StartBugReporterOnCrash: 0, Is64bit: 1, IsPro: 0

 COMMAND LINE ARGUMENTS:
C:\Program Files\Unity\Editor\Unity.exe
-adb2
-batchMode
-noUpm
-name
AssetImportWorker0
-projectPath
E:/JinYeong_GitHub/1. Unity_File/Effect_Window
-logFile
Logs/AssetImportWorker0.log
-srvPort
61534
Successfully changed project path to: E:/JinYeong_GitHub/1. Unity_File/Effect_Window
E:/JinYeong_GitHub/1. Unity_File/Effect_Window
Using Asset Import Pipeline V2.
Refreshing native plugins compatible for Editor in 49.24 ms, found 2 plugins.
Preloading 0 native plugins for Editor in 0.00 ms.
Initialize engine version: 2020.3.13f1 (71691879b7f5)
[Subsystems] Discovering subsystems at path C:/Program Files/Unity/Editor/Data/Resources/UnitySubsystems
[Subsystems] Discovering subsystems at path E:/JinYeong_GitHub/1. Unity_File/Effect_Window/Assets
GfxDevice: creating device client; threaded=0
Direct3D:
    Version:  Direct3D 11.0 [level 11.0]
    Renderer: NVIDIA GeForce GT 730 (ID=0x1287)
    Vendor:   
    VRAM:     984 MB
    Driver:   30.0.14.7212
Initialize mono
Mono path[0] = 'C:/Program Files/Unity/Editor/Data/Managed'
Mono path[1] = 'C:/Program Files/Unity/Editor/Data/MonoBleedingEdge/lib/mono/unityjit'
Mono config path = 'C:/Program Files/Unity/Editor/Data/MonoBleedingEdge/etc'
Using monoOptions --debugger-agent=transport=dt_socket,embedding=1,server=y,suspend=n,address=127.0.0.1:56324
Begin MonoManager ReloadAssembly
Registering precompiled unity dll's ...
Register platform support module: C:/Program Files/Unity/Editor/Data/PlaybackEngines/WindowsStandaloneSupport/UnityEditor.WindowsStandalone.Extensions.dll
Registered in 0.001597 seconds.
Native extension for WindowsStandalone target not found
Refreshing native plugins compatible for Editor in 49.63 ms, found 2 plugins.
Preloading 0 native plugins for Editor in 0.00 ms.
Mono: successfully reloaded assembly
- Completed reload, in  0.901 seconds
Platform modules already initialized, skipping
Registering precompiled user dll's ...
Registered in 0.002187 seconds.
Begin MonoManager ReloadAssembly
Native extension for WindowsStandalone target not found
Refreshing native plugins compatible for Editor in 0.47 ms, found 2 plugins.
Preloading 0 native plugins for Editor in 0.00 ms.
Mono: successfully reloaded assembly
- Completed reload, in  0.961 seconds
Platform modules already initialized, skipping
========================================================================
Worker process is ready to serve import requests
Launched and connected shader compiler UnityShaderCompiler.exe after 0.04 seconds
Refreshing native plugins compatible for Editor in 0.48 ms, found 2 plugins.
Preloading 0 native plugins for Editor in 0.00 ms.
Unloading 2296 Unused Serialized files (Serialized files now loaded: 0)
System memory in use before: 151.4 MB.
System memory in use after: 151.3 MB.

Unloading 19 unused Assets to reduce memory usage. Loaded Objects now: 2742.
Total: 3.007800 ms (FindLiveObjects: 0.680800 ms CreateObjectMapping: 0.213200 ms MarkObjects: 1.802500 ms  DeleteObjects: 0.309900 ms)

AssetImportParameters requested are different than current active one (requested -> active):
  custom:framework-win-MediaFoundation: 216162199b28c13a410421893ffa2e32 -> 
  custom:video-decoder-ogg-theora: a1e56fd34408186e4bbccfd4996cb3dc -> 
  custom:container-muxer-webm: aa71ff27fc2769a1b78a27578f13a17b -> 
  custom:container-demuxer-webm: 4f35f7cbe854078d1ac9338744f61a02 -> 
  custom:container-demuxer-ogg: 62fdf1f143b41e24485cea50d1cbac27 -> 
  custom:video-encoder-webm-vp8: eb34c28f22e8b96e1ab97ce403110664 -> 
  custom:video-decoder-webm-vp8: 9c59270c3fd7afecdb556c50c9e8de78 -> 
  custom:audio-decoder-ogg-vorbis: bf7c407c2cedff20999df2af8eb42d56 -> 
  custom:audio-encoder-webm-vorbis: bf7c407c2cedff20999df2af8eb42d56 -> 
========================================================================
Received Import Request.
  path: Assets/4.material/M_Plan.mat
  artifactKey: Guid(0c05f309e53753a4c8bd0f0df0b94641) Importer(815301076,1909f56bfc062723c751e8b465ee728b)
Start importing Assets/4.material/M_Plan.mat using Guid(0c05f309e53753a4c8bd0f0df0b94641) Importer(815301076,1909f56bfc062723c751e8b465ee728b)  -> (artifact id: '471da2311f2241a77d19526ef4a9acbf') in 0.142354 seconds 
  Import took 0.145908 seconds .

========================================================================
Received Import Request.
  Time since last request: 0.000426 seconds.
  path: Assets/4.material/m_Ston.mat
  artifactKey: Guid(92f310eead844d046aefdb7b29ac1487) Importer(815301076,1909f56bfc062723c751e8b465ee728b)
Start importing Assets/4.material/m_Ston.mat using Guid(92f310eead844d046aefdb7b29ac1487) Importer(815301076,1909f56bfc062723c751e8b465ee728b)  -> (artifact id: '8963ea689552130ee3e0ddd55e3494d0') in 0.098538 seconds 
  Import took 0.101763 seconds .

========================================================================
Received Import Request.
  Time since last request: 0.000216 seconds.
  path: Assets/4.material/Fire_Magic_Ball_Shader.mat
  artifactKey: Guid(6c2c95540ee41564d93d83e598ab4741) Importer(815301076,1909f56bfc062723c751e8b465ee728b)
Start importing Assets/4.material/Fire_Magic_Ball_Shader.mat using Guid(6c2c95540ee41564d93d83e598ab4741) Importer(815301076,1909f56bfc062723c751e8b465ee728b)  -> (artifact id: '6b38d96f9071b227294995fd489b3a45') in 0.072519 seconds 
  Import took 0.075708 seconds .

========================================================================
Received Import Request.
  Time since last request: 0.000212 seconds.
  path: Assets/4.material/Fire_Magic_Flame.mat
  artifactKey: Guid(9e2026b795d8ec3459778b51ac5fd4f7) Importer(815301076,1909f56bfc062723c751e8b465ee728b)
Start importing Assets/4.material/Fire_Magic_Flame.mat using Guid(9e2026b795d8ec3459778b51ac5fd4f7) Importer(815301076,1909f56bfc062723c751e8b465ee728b)  -> (artifact id: 'bd57818bbee8b5f08d9028b1a33aacd5') in 0.042613 seconds 
  Import took 0.045930 seconds .

AssetImportWorkerClient::OnTransportError - code=2 error=End of file
