Using pre-set license
Built from '2020.3/staging' branch; Version is '2020.3.13f1 (71691879b7f5) revision 7432472'; Using compiler version '192528614'; Build Type 'Release'
OS: 'Windows 10 Pro; OS build 19042.1526; Version 2009; 64bit' Language: 'ko' Physical Memory: 32679 MB
BatchMode: 1, IsHumanControllingUs: 0, StartBugReporterOnCrash: 0, Is64bit: 1, IsPro: 0

 COMMAND LINE ARGUMENTS:
C:\Program Files\Unity\Editor\Unity.exe
-adb2
-batchMode
-noUpm
-name
AssetImportWorker0
-projectPath
E:/JinYeong_GitHub/1. Unity_File/Effect_Window
-logFile
Logs/AssetImportWorker0.log
-srvPort
62614
Successfully changed project path to: E:/JinYeong_GitHub/1. Unity_File/Effect_Window
E:/JinYeong_GitHub/1. Unity_File/Effect_Window
Using Asset Import Pipeline V2.
Refreshing native plugins compatible for Editor in 44.60 ms, found 2 plugins.
Preloading 0 native plugins for Editor in 0.00 ms.
Initialize engine version: 2020.3.13f1 (71691879b7f5)
[Subsystems] Discovering subsystems at path C:/Program Files/Unity/Editor/Data/Resources/UnitySubsystems
[Subsystems] Discovering subsystems at path E:/JinYeong_GitHub/1. Unity_File/Effect_Window/Assets
GfxDevice: creating device client; threaded=0
Direct3D:
    Version:  Direct3D 11.0 [level 11.0]
    Renderer: NVIDIA GeForce GT 730 (ID=0x1287)
    Vendor:   
    VRAM:     984 MB
    Driver:   30.0.14.7212
Initialize mono
Mono path[0] = 'C:/Program Files/Unity/Editor/Data/Managed'
Mono path[1] = 'C:/Program Files/Unity/Editor/Data/MonoBleedingEdge/lib/mono/unityjit'
Mono config path = 'C:/Program Files/Unity/Editor/Data/MonoBleedingEdge/etc'
Using monoOptions --debugger-agent=transport=dt_socket,embedding=1,server=y,suspend=n,address=127.0.0.1:56648
Begin MonoManager ReloadAssembly
Registering precompiled unity dll's ...
Register platform support module: C:/Program Files/Unity/Editor/Data/PlaybackEngines/WindowsStandaloneSupport/UnityEditor.WindowsStandalone.Extensions.dll
Registered in 0.001647 seconds.
Native extension for WindowsStandalone target not found
Refreshing native plugins compatible for Editor in 45.40 ms, found 2 plugins.
Preloading 0 native plugins for Editor in 0.00 ms.
Mono: successfully reloaded assembly
- Completed reload, in  0.860 seconds
Platform modules already initialized, skipping
Registering precompiled user dll's ...
Registered in 0.002122 seconds.
Begin MonoManager ReloadAssembly
Native extension for WindowsStandalone target not found
Refreshing native plugins compatible for Editor in 0.45 ms, found 2 plugins.
Preloading 0 native plugins for Editor in 0.00 ms.
Mono: successfully reloaded assembly
- Completed reload, in  0.915 seconds
Platform modules already initialized, skipping
========================================================================
Worker process is ready to serve import requests
Launched and connected shader compiler UnityShaderCompiler.exe after 0.03 seconds
Refreshing native plugins compatible for Editor in 0.47 ms, found 2 plugins.
Preloading 0 native plugins for Editor in 0.00 ms.
Unloading 2296 Unused Serialized files (Serialized files now loaded: 0)
System memory in use before: 223.3 MB.
System memory in use after: 223.2 MB.

Unloading 18 unused Assets to reduce memory usage. Loaded Objects now: 2749.
Total: 2.323200 ms (FindLiveObjects: 0.241000 ms CreateObjectMapping: 0.115200 ms MarkObjects: 1.685800 ms  DeleteObjects: 0.280100 ms)

AssetImportParameters requested are different than current active one (requested -> active):
  custom:framework-win-MediaFoundation: 216162199b28c13a410421893ffa2e32 -> 
  custom:video-decoder-ogg-theora: a1e56fd34408186e4bbccfd4996cb3dc -> 
  custom:container-muxer-webm: aa71ff27fc2769a1b78a27578f13a17b -> 
  custom:container-demuxer-webm: 4f35f7cbe854078d1ac9338744f61a02 -> 
  custom:container-demuxer-ogg: 62fdf1f143b41e24485cea50d1cbac27 -> 
  custom:video-encoder-webm-vp8: eb34c28f22e8b96e1ab97ce403110664 -> 
  custom:video-decoder-webm-vp8: 9c59270c3fd7afecdb556c50c9e8de78 -> 
  custom:audio-decoder-ogg-vorbis: bf7c407c2cedff20999df2af8eb42d56 -> 
  custom:audio-encoder-webm-vorbis: bf7c407c2cedff20999df2af8eb42d56 -> 
========================================================================
Received Import Request.
  path: Assets/3.Shader/Fire_Magic.shader
  artifactKey: Guid(c20350fbab9398b44a49242021db9d39) Importer(815301076,1909f56bfc062723c751e8b465ee728b)
Start importing Assets/3.Shader/Fire_Magic.shader using Guid(c20350fbab9398b44a49242021db9d39) Importer(815301076,1909f56bfc062723c751e8b465ee728b)  -> (artifact id: 'b9e13f883bb2798036a15c1aca6cf680') in 0.025633 seconds 
  Import took 0.028846 seconds .

========================================================================
Received Import Request.
  Time since last request: 0.000321 seconds.
  path: Assets/3.Shader/Fire_Magic_Ball.shader
  artifactKey: Guid(c2d430d4594781940b419760ebb74b89) Importer(815301076,1909f56bfc062723c751e8b465ee728b)
Start importing Assets/3.Shader/Fire_Magic_Ball.shader using Guid(c2d430d4594781940b419760ebb74b89) Importer(815301076,1909f56bfc062723c751e8b465ee728b)  -> (artifact id: '86a9f438d878e8566f30cf9c59e3eb5c') in 0.004524 seconds 
  Import took 0.007912 seconds .

========================================================================
Received Import Request.
  Time since last request: 0.000379 seconds.
  path: Assets/3.Shader
  artifactKey: Guid(5d6beb7ec45a3644d900afb9b5b3288d) Importer(815301076,1909f56bfc062723c751e8b465ee728b)
Start importing Assets/3.Shader using Guid(5d6beb7ec45a3644d900afb9b5b3288d) Importer(815301076,1909f56bfc062723c751e8b465ee728b)  -> (artifact id: 'a7da68a5108507c427849b8144aa6dab') in 0.004126 seconds 
  Import took 0.007374 seconds .

========================================================================
Received Import Request.
  Time since last request: 36.651262 seconds.
  path: Assets/4.material
  artifactKey: Guid(492915a1ea9017147ab078a3b1b2c956) Importer(815301076,1909f56bfc062723c751e8b465ee728b)
Start importing Assets/4.material using Guid(492915a1ea9017147ab078a3b1b2c956) Importer(815301076,1909f56bfc062723c751e8b465ee728b)  -> (artifact id: 'eb9230432a77cddf4db628a8b36af33c') in 0.004572 seconds 
  Import took 0.008139 seconds .

========================================================================
Received Import Request.
  Time since last request: 0.007877 seconds.
  path: Assets/4.material
  artifactKey: Guid(492915a1ea9017147ab078a3b1b2c956) Importer(815301076,1909f56bfc062723c751e8b465ee728b)
Start importing Assets/4.material using Guid(492915a1ea9017147ab078a3b1b2c956) Importer(815301076,1909f56bfc062723c751e8b465ee728b)  -> (artifact id: 'eb9230432a77cddf4db628a8b36af33c') in 0.001406 seconds 
  Import took 0.005060 seconds .

========================================================================
Received Import Request.
  Time since last request: 1.861657 seconds.
  path: Assets/4.material/Fire_Magic_Ball_Shader.mat
  artifactKey: Guid(6c2c95540ee41564d93d83e598ab4741) Importer(815301076,1909f56bfc062723c751e8b465ee728b)
Start importing Assets/4.material/Fire_Magic_Ball_Shader.mat using Guid(6c2c95540ee41564d93d83e598ab4741) Importer(815301076,1909f56bfc062723c751e8b465ee728b)  -> (artifact id: '2b8349569cbd9f92a3c213874a9d2ebd') in 0.106949 seconds 
  Import took 0.110261 seconds .

========================================================================
Received Import Request.
  Time since last request: 0.000182 seconds.
  path: Assets/4.material/M_Plan.mat
  artifactKey: Guid(0c05f309e53753a4c8bd0f0df0b94641) Importer(815301076,1909f56bfc062723c751e8b465ee728b)
Start importing Assets/4.material/M_Plan.mat using Guid(0c05f309e53753a4c8bd0f0df0b94641) Importer(815301076,1909f56bfc062723c751e8b465ee728b)  -> (artifact id: '42e848d992d9aa727fb9a7f759b7ae29') in 0.089275 seconds 
  Import took 0.092686 seconds .

========================================================================
Received Import Request.
  Time since last request: 0.000175 seconds.
  path: Assets/4.material/m_Ston.mat
  artifactKey: Guid(92f310eead844d046aefdb7b29ac1487) Importer(815301076,1909f56bfc062723c751e8b465ee728b)
Start importing Assets/4.material/m_Ston.mat using Guid(92f310eead844d046aefdb7b29ac1487) Importer(815301076,1909f56bfc062723c751e8b465ee728b)  -> (artifact id: 'cb704c83c9ced604fd233b3aa38d9ff1') in 0.076238 seconds 
  Import took 0.079377 seconds .

========================================================================
Received Import Request.
  Time since last request: 0.000267 seconds.
  path: Assets/4.material/Fire_Magic_Flame.mat
  artifactKey: Guid(9e2026b795d8ec3459778b51ac5fd4f7) Importer(815301076,1909f56bfc062723c751e8b465ee728b)
Start importing Assets/4.material/Fire_Magic_Flame.mat using Guid(9e2026b795d8ec3459778b51ac5fd4f7) Importer(815301076,1909f56bfc062723c751e8b465ee728b)  -> (artifact id: '47a4559f59393160736b3e9546091c8a') in 0.037449 seconds 
  Import took 0.040566 seconds .

========================================================================
Received Import Request.
  Time since last request: 16.194093 seconds.
  path: Assets/5.Practice/Shader_UV&Coler/water.jpg
  artifactKey: Guid(80de6813d0d510e40a5a7296b105d853) Importer(815301076,1909f56bfc062723c751e8b465ee728b)
Start importing Assets/5.Practice/Shader_UV&Coler/water.jpg using Guid(80de6813d0d510e40a5a7296b105d853) Importer(815301076,1909f56bfc062723c751e8b465ee728b)  -> (artifact id: 'dd65a0e884b587d97fda743b7724b347') in 0.045121 seconds 
  Import took 0.048698 seconds .

========================================================================
Received Import Request.
  Time since last request: 0.000140 seconds.
  path: Assets/2.Textures/TXS_Water_01.jpg
  artifactKey: Guid(0c5c899619e886b41a798555299abd18) Importer(815301076,1909f56bfc062723c751e8b465ee728b)
Start importing Assets/2.Textures/TXS_Water_01.jpg using Guid(0c5c899619e886b41a798555299abd18) Importer(815301076,1909f56bfc062723c751e8b465ee728b)  -> (artifact id: 'a893c0596986044b9afb300582ea402a') in 0.028982 seconds 
  Import took 0.032230 seconds .

========================================================================
Received Import Request.
  Time since last request: 0.000220 seconds.
  path: Assets/5.Practice/Shader_UV&Coler/water.jpg
  artifactKey: Guid(80de6813d0d510e40a5a7296b105d853) Importer(815301076,1909f56bfc062723c751e8b465ee728b)
Start importing Assets/5.Practice/Shader_UV&Coler/water.jpg using Guid(80de6813d0d510e40a5a7296b105d853) Importer(815301076,1909f56bfc062723c751e8b465ee728b)  -> (artifact id: 'dd65a0e884b587d97fda743b7724b347') in 0.010082 seconds 
  Import took 0.013084 seconds .

========================================================================
Received Import Request.
  Time since last request: 0.002253 seconds.
  path: Assets/2.Textures/TXS_Water_01.jpg
  artifactKey: Guid(0c5c899619e886b41a798555299abd18) Importer(815301076,1909f56bfc062723c751e8b465ee728b)
Start importing Assets/2.Textures/TXS_Water_01.jpg using Guid(0c5c899619e886b41a798555299abd18) Importer(815301076,1909f56bfc062723c751e8b465ee728b)  -> (artifact id: 'a893c0596986044b9afb300582ea402a') in 0.016789 seconds 
  Import took 0.020028 seconds .

========================================================================
Received Import Request.
  Time since last request: 1180.858172 seconds.
  path: Assets/4.material/FXF_ MagicCircle
  artifactKey: Guid(adef47378f9dee6469507b307648bfce) Importer(815301076,1909f56bfc062723c751e8b465ee728b)
Start importing Assets/4.material/FXF_ MagicCircle using Guid(adef47378f9dee6469507b307648bfce) Importer(815301076,1909f56bfc062723c751e8b465ee728b)  -> (artifact id: '74de2c54d1afb28e0591dcb0ab783c87') in 0.004733 seconds 
  Import took 0.008602 seconds .

========================================================================
Received Import Request.
  Time since last request: 0.009918 seconds.
  path: Assets/4.material/FXF_ MagicCircle
  artifactKey: Guid(adef47378f9dee6469507b307648bfce) Importer(815301076,1909f56bfc062723c751e8b465ee728b)
Start importing Assets/4.material/FXF_ MagicCircle using Guid(adef47378f9dee6469507b307648bfce) Importer(815301076,1909f56bfc062723c751e8b465ee728b)  -> (artifact id: '74de2c54d1afb28e0591dcb0ab783c87') in 0.001415 seconds 
  Import took 0.004731 seconds .

========================================================================
Received Import Request.
  Time since last request: 0.068737 seconds.
  path: Assets/4.material/FXF_ MagicCircle/FXM_MagicCircle_02.mat
  artifactKey: Guid(616ad67722e706a45876aeb31dda62ff) Importer(815301076,1909f56bfc062723c751e8b465ee728b)
Start importing Assets/4.material/FXF_ MagicCircle/FXM_MagicCircle_02.mat using Guid(616ad67722e706a45876aeb31dda62ff) Importer(815301076,1909f56bfc062723c751e8b465ee728b)  -> (artifact id: 'aec76f39dac37257c674e22aa74776ba') in 0.060929 seconds 
  Import took 0.064562 seconds .

========================================================================
Received Import Request.
  Time since last request: 0.000196 seconds.
  path: Assets/4.material/FXF_ MagicCircle/FXM_MagicCircle_04.mat
  artifactKey: Guid(f9dce8e7203908946bd195c04e5b29a1) Importer(815301076,1909f56bfc062723c751e8b465ee728b)
Start importing Assets/4.material/FXF_ MagicCircle/FXM_MagicCircle_04.mat using Guid(f9dce8e7203908946bd195c04e5b29a1) Importer(815301076,1909f56bfc062723c751e8b465ee728b)  -> (artifact id: '54c1be833fb7f0bf5fc9e884d7121498') in 0.056090 seconds 
  Import took 0.059093 seconds .

========================================================================
Received Import Request.
  Time since last request: 0.000200 seconds.
  path: Assets/4.material/FXF_ MagicCircle/M_magic circle2.mat
  artifactKey: Guid(48774ef268695094f95bfbdd82e104b6) Importer(815301076,1909f56bfc062723c751e8b465ee728b)
Start importing Assets/4.material/FXF_ MagicCircle/M_magic circle2.mat using Guid(48774ef268695094f95bfbdd82e104b6) Importer(815301076,1909f56bfc062723c751e8b465ee728b)  -> (artifact id: '9c76ef9ceddc3c00f526a560b2e4d2bb') in 0.094164 seconds 
  Import took 0.097238 seconds .

========================================================================
Received Import Request.
  Time since last request: 0.000253 seconds.
  path: Assets/4.material/FXF_ MagicCircle/FXM_MagicCircle_03_in.mat
  artifactKey: Guid(79109ef823711ba40b7fe4b51bbd0513) Importer(815301076,1909f56bfc062723c751e8b465ee728b)
Start importing Assets/4.material/FXF_ MagicCircle/FXM_MagicCircle_03_in.mat using Guid(79109ef823711ba40b7fe4b51bbd0513) Importer(815301076,1909f56bfc062723c751e8b465ee728b)  -> (artifact id: '06578342f9bcf9938075dfb96419d2ed') in 0.012650 seconds 
  Import took 0.015761 seconds .

========================================================================
Received Import Request.
  Time since last request: 398.452959 seconds.
  path: Assets/4.material/Fire_Magic_Ball_Shader.mat
  artifactKey: Guid(6c2c95540ee41564d93d83e598ab4741) Importer(815301076,1909f56bfc062723c751e8b465ee728b)
Start importing Assets/4.material/Fire_Magic_Ball_Shader.mat using Guid(6c2c95540ee41564d93d83e598ab4741) Importer(815301076,1909f56bfc062723c751e8b465ee728b)  -> (artifact id: 'bb456452cbc0167f029091671f62451c') in 0.028262 seconds 
  Import took 0.032187 seconds .

AssetImportWorkerClient::OnTransportError - code=2 error=End of file
